-- people => planet / starships --
Luke Skywalker=> planet: Tatooine / starships: ['X-wing', 'Imperial shuttle']
C-3PO=> planet: Tatooine / starships: []
R2-D2=> planet: Naboo / starships: []
Darth Vader=> planet: Tatooine / starships: ['TIE Advanced x1']
Leia Organa=> planet: Alderaan / starships: []
Owen Lars=> planet: Tatooine / starships: []
Beru Whitesun lars=> planet: Tatooine / starships: []
R5-D4=> planet: Tatooine / starships: []
Biggs Darklighter=> planet: Tatooine / starships: ['X-wing']
Obi-Wan Kenobi=> planet: Stewjon / starships: ['Jedi starfighter', 'Trade Federation cruiser', 'Naboo star skiff', 'Jedi Interceptor', 'Belbullab-22 starfighter']
Anakin Skywalker=> planet: Tatooine / starships: ['Trade Federation cruiser', 'Jedi Interceptor', 'Naboo fighter']
Wilhuff Tarkin=> planet: Eriadu / starships: []
Chewbacca=> planet: Kashyyyk / starships: ['Millennium Falcon', 'Imperial shuttle']
Han Solo=> planet: Corellia / starships: ['Millennium Falcon', 'Imperial shuttle']
Greedo=> planet: Rodia / starships: []
Jabba Desilijic Tiure=> planet: Nal Hutta / starships: []
Wedge Antilles=> planet: Corellia / starships: ['X-wing']
Jek Tono Porkins=> planet: Bestine IV / starships: ['X-wing']
Yoda=> planet: unknown / starships: []
Palpatine=> planet: Naboo / starships: []
Boba Fett=> planet: Kamino / starships: ['Slave 1']
IG-88=> planet: unknown / starships: []
Bossk=> planet: Trandosha / starships: []
Lando Calrissian=> planet: Socorro / starships: ['Millennium Falcon']
Lobot=> planet: Bespin / starships: []
Ackbar=> planet: Mon Cala / starships: []
Mon Mothma=> planet: Chandrila / starships: []
Arvel Crynyd=> planet: unknown / starships: ['A-wing']
Wicket Systri Warrick=> planet: Endor / starships: []
Nien Nunb=> planet: Sullust / starships: ['Millennium Falcon']
Qui-Gon Jinn=> planet: unknown / starships: []
Nute Gunray=> planet: Cato Neimoidia / starships: []
Finis Valorum=> planet: Coruscant / starships: []
Jar Jar Binks=> planet: Naboo / starships: []
Roos Tarpals=> planet: Naboo / starships: []
Rugor Nass=> planet: Naboo / starships: []
Ric Olié=> planet: Naboo / starships: ['Naboo Royal Starship']
Watto=> planet: Toydaria / starships: []
Sebulba=> planet: Malastare / starships: []
Quarsh Panaka=> planet: Naboo / starships: []
Shmi Skywalker=> planet: Tatooine / starships: []
Darth Maul=> planet: Dathomir / starships: ['Scimitar']
Bib Fortuna=> planet: Ryloth / starships: []
Ayla Secura=> planet: Ryloth / starships: []
Dud Bolt=> planet: Vulpter / starships: []
Gasgano=> planet: Troiken / starships: []
Ben Quadinaros=> planet: Tund / starships: []
Mace Windu=> planet: Haruun Kal / starships: []
Ki-Adi-Mundi=> planet: Cerea / starships: []
Kit Fisto=> planet: Glee Anselm / starships: []
Eeth Koth=> planet: Iridonia / starships: []
Adi Gallia=> planet: Coruscant / starships: []
Saesee Tiin=> planet: Iktotch / starships: []
Yarael Poof=> planet: Quermia / starships: []
Plo Koon=> planet: Dorin / starships: ['Jedi starfighter']
Mas Amedda=> planet: Champala / starships: []
Gregar Typho=> planet: Naboo / starships: ['Naboo fighter']
Cordé=> planet: Naboo / starships: []
Cliegg Lars=> planet: Tatooine / starships: []
Poggle the Lesser=> planet: Geonosis / starships: []
Luminara Unduli=> planet: Mirial / starships: []
Barriss Offee=> planet: Mirial / starships: []
Dormé=> planet: Naboo / starships: []
Dooku=> planet: Serenno / starships: []
Bail Prestor Organa=> planet: Alderaan / starships: []
Jango Fett=> planet: Concord Dawn / starships: []
Zam Wesell=> planet: Zolan / starships: []
Dexter Jettster=> planet: Ojom / starships: []
Lama Su=> planet: Kamino / starships: []
Taun We=> planet: Kamino / starships: []
Jocasta Nu=> planet: Coruscant / starships: []
Ratts Tyerell=> planet: Aleen Minor / starships: []
R4-P17=> planet: unknown / starships: []
Wat Tambor=> planet: Skako / starships: []
San Hill=> planet: Muunilinst / starships: []
Shaak Ti=> planet: Shili / starships: []
Grievous=> planet: Kalee / starships: ['Belbullab-22 starfighter']
Tarfful=> planet: Kashyyyk / starships: []
Raymus Antilles=> planet: Alderaan / starships: []
Sly Moore=> planet: Umbara / starships: []
Tion Medon=> planet: Utapau / starships: []
Finn=> planet: unknown / starships: []
Rey=> planet: unknown / starships: []
Poe Dameron=> planet: unknown / starships: ['T-70 X-wing fighter']
BB8=> planet: unknown / starships: []
Captain Phasma=> planet: unknown / starships: []
Padmé Amidala=> planet: Naboo / starships: ['H-type Nubian yacht', 'Naboo star skiff', 'Naboo fighter']

-- planet => species --
Naboo=> {'Gungan', 'Droid', 'Human'}
Coruscant=> {'Tholothian', 'Human'}
Kamino=> {'Human', 'Kaminoan'}
unknown=> {"Yoda's species", 'Droid', 'Human'}
Tatooine=> {'Droid', 'Human'}
